<?xml version="1.0" encoding="UTF-8"?>
<!-- Generated by org.testng.reporters.JUnitReportReporter -->
<testsuite hostname="1JH4XS2" name="cucumberIntegrationTests.CucumberRunnerUtil" tests="1" failures="0" timestamp="9 Aug 2020 14:26:32 GMT" time="71.999" errors="0">
  <testcase name="feature" time="71.999" classname="cucumberIntegrationTests.CucumberRunnerUtil"/>
</testsuite> <!-- cucumberIntegrationTests.CucumberRunnerUtil -->
